<?xml version="1.0" encoding="UTF-8"?>
<Site BuildName="(empty)"
	BuildStamp="20240325-0037-Experimental"
	Name="(empty)"
	Generator="ctest-3.27.7"
	CompilerName=""
	CompilerVersion=""
	OSName="Linux"
	Hostname="fedora"
	OSRelease="6.7.9-200.fc39.x86_64"
	OSVersion="#1 SMP PREEMPT_DYNAMIC Wed Mar  6 19:35:04 UTC 2024"
	OSPlatform="x86_64"
	Is64Bits="1"
	VendorString="GenuineIntel"
	VendorID="Intel Corporation"
	FamilyID="6"
	ModelID="140"
	ProcessorCacheSize="8192"
	NumberOfLogicalCPU="8"
	NumberOfPhysicalCPU="4"
	TotalVirtualMemory="23449"
	TotalPhysicalMemory="19679"
	LogicalProcessorsPerPhysical="2"
	ProcessorClockFrequency="3800"
	>
	<Testing>
		<StartDateTime>Mar 24 21:37 -03</StartDateTime>
		<StartTestTime>1711327034</StartTestTime>
		<TestList/>
		<EndDateTime>Mar 24 21:37 -03</EndDateTime>
		<EndTestTime>1711327034</EndTestTime>
		<ElapsedMinutes>0</ElapsedMinutes>
	</Testing>
</Site>
